<?xml version="1.0" encoding="utf-8"?><testsuites><testsuite name="pytest" errors="0" failures="0" skipped="0" tests="4" time="1.090" timestamp="2026-05-13T09:17:11.782326+07:00" hostname="Quanganh0810"><testcase classname="tests.test_main" name="test_read_root" time="0.038" /><testcase classname="tests.test_main" name="test_health_check" time="0.007" /><testcase classname="tests.test_main" name="test_add_function" time="0.001" /><testcase classname="tests.test_main" name="test_add_endpoint" time="0.006" /></testsuite></testsuites>